<?xml version="1.0" encoding="UTF-8"?>
<testsuite xmlns:xsi="http://www.w3.org/2001/XMLSchema-instance" xsi:noNamespaceSchemaLocation="https://maven.apache.org/surefire/maven-surefire-plugin/xsd/surefire-test-report-3.0.xsd" version="3.0" name="com.seckill.seckill.integration.SeckillIntegrationTest" time="0.003" tests="4" errors="0" skipped="4" failures="0">
  <properties/>
  <testcase name="concurrentSeckill_100Users_100Stock" classname="com.seckill.seckill.integration.SeckillIntegrationTest" time="0.0">
    <skipped message="Integration test requires running Spring context with Redis/RabbitMQ/MySQL"/>
  </testcase>
  <testcase name="repeatSeckill_ShouldFail" classname="com.seckill.seckill.integration.SeckillIntegrationTest" time="0.0">
    <skipped message="Integration test requires running Spring context with Redis/RabbitMQ/MySQL"/>
  </testcase>
  <testcase name="invalidSeckillPath_ShouldFail" classname="com.seckill.seckill.integration.SeckillIntegrationTest" time="0.0">
    <skipped message="Integration test requires running Spring context with Redis/RabbitMQ/MySQL"/>
  </testcase>
  <testcase name="fullSeckillFlow_SingleUser" classname="com.seckill.seckill.integration.SeckillIntegrationTest" time="0.0">
    <skipped message="Integration test requires running Spring context with Redis/RabbitMQ/MySQL"/>
  </testcase>
</testsuite>