<?xml version="1.0" encoding="UTF-8"?>
<testsuite xmlns:xsi="http://www.w3.org/2001/XMLSchema-instance" xsi:noNamespaceSchemaLocation="https://maven.apache.org/surefire/maven-surefire-plugin/xsd/surefire-test-report-3.0.xsd" version="3.0" name="com.seckill.user.service.AddressServiceSpringTest" time="0.367" tests="17" errors="0" skipped="0" failures="0">
  <properties>
[...]
</properties>
  <testcase name="updateAddress_NoPermission" classname="com.seckill.user.service.AddressServiceSpringTest" time="0.003">
    <system-out><![CDATA[&amp#27;[2m2026-04-25T16:06:40.907+08:00&amp#27;[0;39m &amp#27;[32m INFO&amp#27;[0;39m &amp#27;[35m21791&amp#27;[0;39m &amp#27;[2m---&amp#27;[0;39m &amp#27;[2m[seckill-user-test] [           main]&amp#27;[0;39m &amp#27;[2m&amp#27;[0;39m&amp#27;[36mt.c.s.AnnotationConfigContextLoaderUtils&amp#27;[0;39m &amp#27;[2m:&amp#27;[0;39m Could not detect default configuration classes for test class [com.seckill.user.service.AddressServiceSpringTest]: AddressServiceSpringTest does not declare any static, non-private, non-final, nested classes annotated with @Configuration.
&amp#27;[2m2026-04-25T16:06:40.908+08:00&amp#27;[0;39m &amp#27;[32m INFO&amp#27;[0;39m &amp#27;[35m21791&amp#27;[0;39m &amp#27;[2m---&amp#27;[0;39m &amp#27;[2m[seckill-user-test] [           main]&amp#27;[0;39m &amp#27;[2m&amp#27;[0;39m&amp#27;[36m.b.t.c.SpringBootTestContextBootstrapper&amp#27;[0;39m &amp#27;[2m:&amp#27;[0;39m Found @SpringBootConfiguration com.seckill.user.UserTestApplication for test class com.seckill.user.service.AddressServiceSpringTest

  .   ____          _            __ _ _
 /\\ / ___'_ __ _ _(_)_ __  __ _ \ \ \ \
( ( )\___ | '_ | '_| | '_ \/ _` | \ \ \ \
 \\/  ___)| |_)| | | | | || (_| |  ) ) ) )
  '  |____| .__|_| |_|_| |_\__, | / / / /
 =========|_|==============|___/=/_/_/_/
&amp#27;[32m :: Spring Boot :: &amp#27;[39m              &amp#27;[2m (v3.2.5)&amp#27;[0;39m

&amp#27;[2m2026-04-25T16:06:40.920+08:00&amp#27;[0;39m &amp#27;[32m INFO&amp#27;[0;39m &amp#27;[35m21791&amp#27;[0;39m &amp#27;[2m---&amp#27;[0;39m &amp#27;[2m[seckill-user-test] [           main]&amp#27;[0;39m &amp#27;[2m&amp#27;[0;39m&amp#27;[36mc.s.u.service.AddressServiceSpringTest  &amp#27;[0;39m &amp#27;[2m:&amp#27;[0;39m Starting AddressServiceSpringTest using Java 23.0.2 with PID 21791 (started by achieve in /Users/achieve/Documents/Trae_Projects/Projects/电商系统/seckill-parent/seckill-user)
&amp#27;[2m2026-04-25T16:06:40.921+08:00&amp#27;[0;39m &amp#27;[32mDEBUG&amp#27;[0;39m &amp#27;[35m21791&amp#27;[0;39m &amp#27;[2m---&amp#27;[0;39m &amp#27;[2m[seckill-user-test] [           main]&amp#27;[0;39m &amp#27;[2m&amp#27;[0;39m&amp#27;[36mc.s.u.service.AddressServiceSpringTest  &amp#27;[0;39m &amp#27;[2m:&amp#27;[0;39m Running with Spring Boot v3.2.5, Spring v6.1.6
&amp#27;[2m2026-04-25T16:06:40.921+08:00&amp#27;[0;39m &amp#27;[32m INFO&amp#27;[0;39m &amp#27;[35m21791&amp#27;[0;39m &amp#27;[2m---&amp#27;[0;39m &amp#27;[2m[seckill-user-test] [           main]&amp#27;[0;39m &amp#27;[2m&amp#27;[0;39m&amp#27;[36mc.s.u.service.AddressServiceSpringTest  &amp#27;[0;39m &amp#27;[2m:&amp#27;[0;39m The following 1 profile is active: "test"
&amp#27;[2m2026-04-25T16:06:40.921+08:00&amp#27;[0;39m &amp#27;[32mDEBUG&amp#27;[0;39m &amp#27;[35m21791&amp#27;[0;39m &amp#27;[2m---&amp#27;[0;39m &amp#27;[2m[seckill-user-test] [           main]&amp#27;[0;39m &amp#27;[2m&amp#27;[0;39m&amp#27;[36mo.s.w.c.s.GenericWebApplicationContext  &amp#27;[0;39m &amp#27;[2m:&amp#27;[0;39m Refreshing org.springframework.web.context.support.GenericWebApplicationContext@50ef3630
&amp#27;[2m2026-04-25T16:06:41.026+08:00&amp#27;[0;39m &amp#27;[32m INFO&amp#27;[0;39m &amp#27;[35m21791&amp#27;[0;39m &amp#27;[2m---&amp#27;[0;39m &amp#27;[2m[seckill-user-test] [           main]&amp#27;[0;39m &amp#27;[2m&amp#27;[0;39m&amp#27;[36m.s.d.r.c.RepositoryConfigurationDelegate&amp#27;[0;39m &amp#27;[2m:&amp#27;[0;39m Multiple Spring Data modules found, entering strict repository configuration mode
&amp#27;[2m2026-04-25T16:06:41.026+08:00&amp#27;[0;39m &amp#27;[32m INFO&amp#27;[0;39m &amp#27;[35m21791&amp#27;[0;39m &amp#27;[2m---&amp#27;[0;39m &amp#27;[2m[seckill-user-test] [           main]&amp#27;[0;39m &amp#27;[2m&amp#27;[0;39m&amp#27;[36m.s.d.r.c.RepositoryConfigurationDelegate&amp#27;[0;39m &amp#27;[2m:&amp#27;[0;39m Bootstrapping Spring Data Redis repositories in DEFAULT mode.
&amp#27;[2m2026-04-25T16:06:41.029+08:00&amp#27;[0;39m &amp#27;[32m INFO&amp#27;[0;39m &amp#27;[35m21791&amp#27;[0;39m &amp#27;[2m---&amp#27;[0;39m &amp#27;[2m[seckill-user-test] [           main]&amp#27;[0;39m &amp#27;[2m&amp#27;[0;39m&amp#27;[36m.s.d.r.c.RepositoryConfigurationDelegate&amp#27;[0;39m &amp#27;[2m:&amp#27;[0;39m Finished Spring Data repository scanning in 2 ms. Found 0 Redis repository interfaces.
&amp#27;[2m2026-04-25T16:06:41.076+08:00&amp#27;[0;39m &amp#27;[32m INFO&amp#27;[0;39m &amp#27;[35m21791&amp#27;[0;39m &amp#27;[2m---&amp#27;[0;39m &amp#27;[2m[seckill-user-test] [           main]&amp#27;[0;39m &amp#27;[2m&amp#27;[0;39m&amp#27;[36mc.a.d.s.b.a.DruidDataSourceAutoConfigure&amp#27;[0;39m &amp#27;[2m:&amp#27;[0;39m Init DruidDataSource
&amp#27;[2m2026-04-25T16:06:41.094+08:00&amp#27;[0;39m &amp#27;[31mERROR&amp#27;[0;39m &amp#27;[35m21791&amp#27;[0;39m &amp#27;[2m---&amp#27;[0;39m &amp#27;[2m[seckill-user-test] [           main]&amp#27;[0;39m &amp#27;[2m&amp#27;[0;39m&amp#27;[36mcom.alibaba.druid.pool.DruidDataSource  &amp#27;[0;39m &amp#27;[2m:&amp#27;[0;39m testWhileIdle is true, validationQuery not set
&amp#27;[2m2026-04-25T16:06:41.094+08:00&amp#27;[0;39m &amp#27;[32m INFO&amp#27;[0;39m &amp#27;[35m21791&amp#27;[0;39m &amp#27;[2m---&amp#27;[0;39m &amp#27;[2m[seckill-user-test] [           main]&amp#27;[0;39m &amp#27;[2m&amp#27;[0;39m&amp#27;[36mcom.alibaba.druid.pool.DruidDataSource  &amp#27;[0;39m &amp#27;[2m:&amp#27;[0;39m {dataSource-2} inited
Logging initialized using 'class org.apache.ibatis.logging.stdout.StdOutImpl' adapter.
 _ _   |_  _ _|_. ___ _ |    _ 
| | |\/|_)(_| | |_\  |_)||_|_\ 
     /               |         
                        3.5.6 
&amp#27;[2m2026-04-25T16:06:41.150+08:00&amp#27;[0;39m &amp#27;[32mDEBUG&amp#27;[0;39m &amp#27;[35m21791&amp#27;[0;39m &amp#27;[2m---&amp#27;[0;39m &amp#27;[2m[seckill-user-test] [           main]&amp#27;[0;39m &amp#27;[2m&amp#27;[0;39m&amp#27;[36ms.w.s.m.m.a.RequestMappingHandlerMapping&amp#27;[0;39m &amp#27;[2m:&amp#27;[0;39m 19 mappings in 'requestMappingHandlerMapping'
&amp#27;[2m2026-04-25T16:06:41.161+08:00&amp#27;[0;39m &amp#27;[32mDEBUG&amp#27;[0;39m &amp#27;[35m21791&amp#27;[0;39m &amp#27;[2m---&amp#27;[0;39m &amp#27;[2m[seckill-user-test] [           main]&amp#27;[0;39m &amp#27;[2m&amp#27;[0;39m&amp#27;[36mo.s.w.s.handler.SimpleUrlHandlerMapping &amp#27;[0;39m &amp#27;[2m:&amp#27;[0;39m Patterns [/webjars/**, /**, /swagger-ui*/*swagger-initializer.js, /swagger-ui*/**] in 'resourceHandlerMapping'
&amp#27;[2m2026-04-25T16:06:41.165+08:00&amp#27;[0;39m &amp#27;[32mDEBUG&amp#27;[0;39m &amp#27;[35m21791&amp#27;[0;39m &amp#27;[2m---&amp#27;[0;39m &amp#27;[2m[seckill-user-test] [           main]&amp#27;[0;39m &amp#27;[2m&amp#27;[0;39m&amp#27;[36ms.w.s.m.m.a.RequestMappingHandlerAdapter&amp#27;[0;39m &amp#27;[2m:&amp#27;[0;39m ControllerAdvice beans: 0 @ModelAttribute, 0 @InitBinder, 1 RequestBodyAdvice, 1 ResponseBodyAdvice
&amp#27;[2m2026-04-25T16:06:41.166+08:00&amp#27;[0;39m &amp#27;[32mDEBUG&amp#27;[0;39m &amp#27;[35m21791&amp#27;[0;39m &amp#27;[2m---&amp#27;[0;39m &amp#27;[2m[seckill-user-test] [           main]&amp#27;[0;39m &amp#27;[2m&amp#27;[0;39m&amp#27;[36m.m.m.a.ExceptionHandlerExceptionResolver&amp#27;[0;39m &amp#27;[2m:&amp#27;[0;39m ControllerAdvice beans: 1 @ExceptionHandler, 1 ResponseBodyAdvice
&amp#27;[2m2026-04-25T16:06:41.207+08:00&amp#27;[0;39m &amp#27;[33m WARN&amp#27;[0;39m &amp#27;[35m21791&amp#27;[0;39m &amp#27;[2m---&amp#27;[0;39m &amp#27;[2m[seckill-user-test] [           main]&amp#27;[0;39m &amp#27;[2m&amp#27;[0;39m&amp#27;[36m.s.s.UserDetailsServiceAutoConfiguration&amp#27;[0;39m &amp#27;[2m:&amp#27;[0;39m 

Using generated security password: 7d53051d-b6a3-42b0-85e2-405d353e2794

This generated password is for development use only. Your security configuration must be updated before running your application in production.

&amp#27;[2m2026-04-25T16:06:41.211+08:00&amp#27;[0;39m &amp#27;[32m INFO&amp#27;[0;39m &amp#27;[35m21791&amp#27;[0;39m &amp#27;[2m---&amp#27;[0;39m &amp#27;[2m[seckill-user-test] [           main]&amp#27;[0;39m &amp#27;[2m&amp#27;[0;39m&amp#27;[36mo.s.b.a.e.web.EndpointLinksResolver     &amp#27;[0;39m &amp#27;[2m:&amp#27;[0;39m Exposing 1 endpoint(s) beneath base path '/actuator'
&amp#27;[2m2026-04-25T16:06:41.213+08:00&amp#27;[0;39m &amp#27;[32m INFO&amp#27;[0;39m &amp#27;[35m21791&amp#27;[0;39m &amp#27;[2m---&amp#27;[0;39m &amp#27;[2m[seckill-user-test] [           main]&amp#27;[0;39m &amp#27;[2m&amp#27;[0;39m&amp#27;[36mo.s.s.web.DefaultSecurityFilterChain    &amp#27;[0;39m &amp#27;[2m:&amp#27;[0;39m Will secure any request with [org.springframework.security.web.session.DisableEncodeUrlFilter@33e159a5, org.springframework.security.web.context.request.async.WebAsyncManagerIntegrationFilter@8ecc81c, org.springframework.security.web.context.SecurityContextHolderFilter@2cf70a59, org.springframework.security.web.header.HeaderWriterFilter@11de3445, org.springframework.web.filter.CorsFilter@876a3b3, org.springframework.security.web.csrf.CsrfFilter@6fca1c7e, org.springframework.security.web.authentication.logout.LogoutFilter@441b598f, org.springframework.security.web.authentication.UsernamePasswordAuthenticationFilter@43187052, org.springframework.security.web.authentication.ui.DefaultLoginPageGeneratingFilter@4d847da5, org.springframework.security.web.authentication.ui.DefaultLogoutPageGeneratingFilter@74be2d81, org.springframework.security.web.authentication.www.BasicAuthenticationFilter@3ca81397, org.springframework.security.web.savedrequest.RequestCacheAwareFilter@1361ca55, org.springframework.security.web.servletapi.SecurityContextHolderAwareRequestFilter@2d18085f, org.springframework.security.web.authentication.AnonymousAuthenticationFilter@4dab7ec2, org.springframework.security.web.access.ExceptionTranslationFilter@7eb81ff1, org.springframework.security.web.access.intercept.AuthorizationFilter@73b901e4]
&amp#27;[2m2026-04-25T16:06:41.220+08:00&amp#27;[0;39m &amp#27;[32m INFO&amp#27;[0;39m &amp#27;[35m21791&amp#27;[0;39m &amp#27;[2m---&amp#27;[0;39m &amp#27;[2m[seckill-user-test] [           main]&amp#27;[0;39m &amp#27;[2m&amp#27;[0;39m&amp#27;[36mo.s.b.a.h2.H2ConsoleAutoConfiguration   &amp#27;[0;39m &amp#27;[2m:&amp#27;[0;39m H2 console available at '/h2-console'. Database available at 'jdbc:h2:mem:testdb'
&amp#27;[2m2026-04-25T16:06:41.234+08:00&amp#27;[0;39m &amp#27;[32m INFO&amp#27;[0;39m &amp#27;[35m21791&amp#27;[0;39m &amp#27;[2m---&amp#27;[0;39m &amp#27;[2m[seckill-user-test] [           main]&amp#27;[0;39m &amp#27;[2m&amp#27;[0;39m&amp#27;[36mc.s.u.service.AddressServiceSpringTest  &amp#27;[0;39m &amp#27;[2m:&amp#27;[0;39m Started AddressServiceSpringTest in 0.325 seconds (process running for 4.352)
]]></system-out>
  </testcase>
  <testcase name="getDefaultAddress_Empty" classname="com.seckill.user.service.AddressServiceSpringTest" time="0.002"/>
  <testcase name="setDefaultAddress_NoPermission" classname="com.seckill.user.service.AddressServiceSpringTest" time="0.002"/>
  <testcase name="setDefaultAddress_Success" classname="com.seckill.user.service.AddressServiceSpringTest" time="0.002">
    <system-out><![CDATA[&amp#27;[2m2026-04-25T16:06:41.244+08:00&amp#27;[0;39m &amp#27;[32m INFO&amp#27;[0;39m &amp#27;[35m21791&amp#27;[0;39m &amp#27;[2m---&amp#27;[0;39m &amp#27;[2m[seckill-user-test] [           main]&amp#27;[0;39m &amp#27;[2m&amp#27;[0;39m&amp#27;[36mc.s.u.service.impl.AddressServiceImpl   &amp#27;[0;39m &amp#27;[2m:&amp#27;[0;39m 设置默认地址成功, userId: 1, addressId: 2
]]></system-out>
  </testcase>
  <testcase name="setDefaultAddress_AlreadyDefault" classname="com.seckill.user.service.AddressServiceSpringTest" time="0.002"/>
  <testcase name="updateAddress_Success" classname="com.seckill.user.service.AddressServiceSpringTest" time="0.003">
    <system-out><![CDATA[&amp#27;[2m2026-04-25T16:06:41.249+08:00&amp#27;[0;39m &amp#27;[32m INFO&amp#27;[0;39m &amp#27;[35m21791&amp#27;[0;39m &amp#27;[2m---&amp#27;[0;39m &amp#27;[2m[seckill-user-test] [           main]&amp#27;[0;39m &amp#27;[2m&amp#27;[0;39m&amp#27;[36mc.s.u.service.impl.AddressServiceImpl   &amp#27;[0;39m &amp#27;[2m:&amp#27;[0;39m 更新收货地址成功, userId: 1, addressId: 1
]]></system-out>
  </testcase>
  <testcase name="getAddressList_Empty" classname="com.seckill.user.service.AddressServiceSpringTest" time="0.002"/>
  <testcase name="addAddress_MaxLimit" classname="com.seckill.user.service.AddressServiceSpringTest" time="0.002"/>
  <testcase name="deleteAddress_NoPermission" classname="com.seckill.user.service.AddressServiceSpringTest" time="0.001"/>
  <testcase name="getAddressList_Success" classname="com.seckill.user.service.AddressServiceSpringTest" time="0.001"/>
  <testcase name="setDefaultAddress_NotFound" classname="com.seckill.user.service.AddressServiceSpringTest" time="0.001"/>
  <testcase name="deleteAddress_NotFound" classname="com.seckill.user.service.AddressServiceSpringTest" time="0.002"/>
  <testcase name="updateAddress_NotFound" classname="com.seckill.user.service.AddressServiceSpringTest" time="0.002"/>
  <testcase name="addAddress_Success" classname="com.seckill.user.service.AddressServiceSpringTest" time="0.003">
    <system-out><![CDATA[&amp#27;[2m2026-04-25T16:06:41.267+08:00&amp#27;[0;39m &amp#27;[32m INFO&amp#27;[0;39m &amp#27;[35m21791&amp#27;[0;39m &amp#27;[2m---&amp#27;[0;39m &amp#27;[2m[seckill-user-test] [           main]&amp#27;[0;39m &amp#27;[2m&amp#27;[0;39m&amp#27;[36mc.s.u.service.impl.AddressServiceImpl   &amp#27;[0;39m &amp#27;[2m:&amp#27;[0;39m 新增收货地址成功, userId: 1, addressId: 1
]]></system-out>
  </testcase>
  <testcase name="getDefaultAddress_None" classname="com.seckill.user.service.AddressServiceSpringTest" time="0.001"/>
  <testcase name="deleteAddress_Success" classname="com.seckill.user.service.AddressServiceSpringTest" time="0.001">
    <system-out><![CDATA[&amp#27;[2m2026-04-25T16:06:41.272+08:00&amp#27;[0;39m &amp#27;[32m INFO&amp#27;[0;39m &amp#27;[35m21791&amp#27;[0;39m &amp#27;[2m---&amp#27;[0;39m &amp#27;[2m[seckill-user-test] [           main]&amp#27;[0;39m &amp#27;[2m&amp#27;[0;39m&amp#27;[36mc.s.u.service.impl.AddressServiceImpl   &amp#27;[0;39m &amp#27;[2m:&amp#27;[0;39m 删除收货地址成功, userId: 1, addressId: 1
]]></system-out>
  </testcase>
  <testcase name="getDefaultAddress_Success" classname="com.seckill.user.service.AddressServiceSpringTest" time="0.001"/>
</testsuite>